2024-11-13 20:01:22,602 [INFO] Activator:176 - 


2024-11-13 20:01:22,605 [INFO] Activator:177 - !SESSION log4j initialized
2024-11-13 20:01:26,738 [INFO] LogOutputStream:77 - [STDOUT_REDIRECT] 
2024-11-13 20:01:30,387 [INFO] ApplicationProperties:184 - Using Application install path: C:\ST\STM32CubeIDE_1.16.0\STM32CubeIDE\plugins\com.st.stm32cube.common.mx_6.12.0.202406281431
2024-11-13 20:01:30,420 [INFO] DbMcusXml:78 - Set database path to: C:\ST\STM32CubeIDE_1.16.0\STM32CubeIDE\plugins\com.st.stm32cube.common.mx_6.12.0.202406281431\\db\/mcu/
2024-11-13 20:01:30,422 [INFO] ApiDb:274 - Set plugin database path to: C:\ST\STM32CubeIDE_1.16.0\STM32CubeIDE\plugins\com.st.stm32cube.common.mx_6.12.0.202406281431\\db\/plugins/boardmanager/
2024-11-13 20:01:30,424 [WARN] ApiDb:259 - Overriding images path with different value:  => C:\ST\STM32CubeIDE_1.16.0\STM32CubeIDE\plugins\com.st.stm32cube.common.mx_6.12.0.202406281431\\db\/plugins/mcufinder/images/
2024-11-13 20:01:30,444 [INFO] ApiDb:250 - Set database path to: C:\Users\Usuario\.stmcufinder\plugins\mcufinder//mcu/
2024-11-13 20:01:30,446 [INFO] DbMcusAds:125 - Set database path to: C:\Users\Usuario\.stmcufinder\plugins\mcufinder//mcu/
2024-11-13 20:01:30,452 [INFO] CrossReferenceDbSqlite:203 - Set database path to: C:\Users\Usuario\.stmcufinder\plugins\mcufinder//mcu/cs/
2024-11-13 20:01:30,670 [INFO] RulesReader:64 - Compatibility file has been processed (297 Rules)
2024-11-13 20:01:30,823 [INFO] DbMcusXml:78 - Set database path to: C:\ST\STM32CubeIDE_1.16.0\STM32CubeIDE\plugins\com.st.stm32cube.common.mx_6.12.0.202406281431\\db\/mcu/
2024-11-13 20:01:30,823 [INFO] ApiDb:274 - Set plugin database path to: C:\ST\STM32CubeIDE_1.16.0\STM32CubeIDE\plugins\com.st.stm32cube.common.mx_6.12.0.202406281431\\db\/plugins/boardmanager/
2024-11-13 20:01:30,823 [INFO] ApiDb:261 - Set plugin images path to: C:\ST\STM32CubeIDE_1.16.0\STM32CubeIDE\plugins\com.st.stm32cube.common.mx_6.12.0.202406281431\\db\/plugins/mcufinder/images/
2024-11-13 20:01:30,824 [WARN] DbFile:41 - Overriding database path with different value: C:\Users\Usuario\.stmcufinder\plugins\mcufinder/ => C:\Users\Usuario\.stmcufinder\plugins\mcufinder
2024-11-13 20:01:30,824 [INFO] ApiDb:250 - Set database path to: C:\Users\Usuario\.stmcufinder\plugins\mcufinder//mcu/
2024-11-13 20:01:30,824 [WARN] DbFile:41 - Overriding database path with different value: C:\Users\Usuario\.stmcufinder\plugins\mcufinder/ => C:\Users\Usuario\.stmcufinder\plugins\mcufinder
2024-11-13 20:01:30,825 [INFO] DbMcusAds:125 - Set database path to: C:\Users\Usuario\.stmcufinder\plugins\mcufinder//mcu/
2024-11-13 20:01:30,825 [WARN] DbFile:41 - Overriding database path with different value: C:\Users\Usuario\.stmcufinder\plugins\mcufinder/ => C:\Users\Usuario\.stmcufinder\plugins\mcufinder
2024-11-13 20:01:30,825 [WARN] DbFile:41 - Overriding database path with different value: C:\Users\Usuario\.stmcufinder\plugins\mcufinder/ => C:\Users\Usuario\.stmcufinder\plugins\mcufinder
2024-11-13 20:01:30,825 [INFO] CrossReferenceDbSqlite:203 - Set database path to: C:\Users\Usuario\.stmcufinder\plugins\mcufinder//mcu/cs/
2024-11-13 20:01:30,984 [INFO] MainPanel:268 - HeapMemory: 268435456
2024-11-13 20:01:31,194 [INFO] DbMcusXml:78 - Set database path to: C:\ST\STM32CubeIDE_1.16.0\STM32CubeIDE\plugins\com.st.stm32cube.common.mx_6.12.0.202406281431\\db\/mcu/
2024-11-13 20:01:31,195 [INFO] ApiDb:274 - Set plugin database path to: C:\ST\STM32CubeIDE_1.16.0\STM32CubeIDE\plugins\com.st.stm32cube.common.mx_6.12.0.202406281431\\db\/plugins/boardmanager/
2024-11-13 20:01:31,195 [INFO] ApiDb:261 - Set plugin images path to: C:\ST\STM32CubeIDE_1.16.0\STM32CubeIDE\plugins\com.st.stm32cube.common.mx_6.12.0.202406281431\\db\/plugins/mcufinder/images/
2024-11-13 20:01:31,195 [WARN] DbFile:41 - Overriding database path with different value: C:\Users\Usuario\.stmcufinder\plugins\mcufinder/ => C:\Users\Usuario\.stmcufinder\plugins\mcufinder
2024-11-13 20:01:31,196 [INFO] ApiDb:250 - Set database path to: C:\Users\Usuario\.stmcufinder\plugins\mcufinder//mcu/
2024-11-13 20:01:31,196 [WARN] DbFile:41 - Overriding database path with different value: C:\Users\Usuario\.stmcufinder\plugins\mcufinder/ => C:\Users\Usuario\.stmcufinder\plugins\mcufinder
2024-11-13 20:01:31,196 [INFO] DbMcusAds:125 - Set database path to: C:\Users\Usuario\.stmcufinder\plugins\mcufinder//mcu/
2024-11-13 20:01:31,196 [WARN] DbFile:41 - Overriding database path with different value: C:\Users\Usuario\.stmcufinder\plugins\mcufinder/ => C:\Users\Usuario\.stmcufinder\plugins\mcufinder
2024-11-13 20:01:31,196 [WARN] DbFile:41 - Overriding database path with different value: C:\Users\Usuario\.stmcufinder\plugins\mcufinder/ => C:\Users\Usuario\.stmcufinder\plugins\mcufinder
2024-11-13 20:01:31,196 [INFO] CrossReferenceDbSqlite:203 - Set database path to: C:\Users\Usuario\.stmcufinder\plugins\mcufinder//mcu/cs/
2024-11-13 20:01:31,231 [INFO] ApplicationProperties:184 - Using Application install path: C:\ST\STM32CubeIDE_1.16.0\STM32CubeIDE\plugins\com.st.stm32cube.common.mx_6.12.0.202406281431
2024-11-13 20:01:31,233 [INFO] PluginManage:196 - Search for loadable plugins [exclusion list=, ]
2024-11-13 20:01:31,236 [INFO] PluginManage:310 - Check plugin analytics
2024-11-13 20:01:31,521 [INFO] AnalyticsPlugin:253 - Accepted Software Licenses: 
2024-11-13 20:01:31,522 [INFO] AnalyticsPlugin:255 - Accepted CMSIS Pack Licenses: 
2024-11-13 20:01:31,522 [INFO] AnalyticsPlugin:257 - Accepted Firmware Licenses: 
2024-11-13 20:01:31,526 [INFO] PluginManage:359 - Loaded plugin analytics (category:tool,tabindex:-1)
2024-11-13 20:01:31,527 [INFO] PluginManage:310 - Check plugin cadmodel
2024-11-13 20:01:31,534 [INFO] CADModel:105 - Init CAD model plugin
2024-11-13 20:01:31,535 [INFO] PluginManage:359 - Loaded plugin cadmodel (category:power,tabindex:5)
2024-11-13 20:01:31,535 [INFO] PluginManage:310 - Check plugin clock
2024-11-13 20:01:31,550 [INFO] PluginManage:359 - Loaded plugin clock (category:base,tabindex:2)
2024-11-13 20:01:31,550 [INFO] PluginManage:310 - Check plugin ddr
2024-11-13 20:01:31,555 [INFO] PluginManage:359 - Loaded plugin ddr (category:tool,tabindex:6)
2024-11-13 20:01:31,555 [INFO] PluginManage:310 - Check plugin filemanager
2024-11-13 20:01:31,793 [INFO] PluginManage:359 - Loaded plugin filemanager (category:base,tabindex:10)
2024-11-13 20:01:31,793 [INFO] PluginManage:310 - Check plugin ipmanager
2024-11-13 20:01:31,806 [INFO] PluginManage:359 - Loaded plugin ipmanager (category:base,tabindex:5)
2024-11-13 20:01:31,806 [INFO] PluginManage:310 - Check plugin lpbam
2024-11-13 20:01:31,822 [INFO] PluginManage:359 - Loaded plugin lpbam (category:base,tabindex:0)
2024-11-13 20:01:31,822 [INFO] PluginManage:310 - Check plugin memorymap
2024-11-13 20:01:31,853 [INFO] PluginManage:359 - Loaded plugin memorymap (category:base,tabindex:4)
2024-11-13 20:01:31,853 [INFO] PluginManage:310 - Check plugin pinoutandconfiguration
2024-11-13 20:01:31,867 [INFO] PluginManage:359 - Loaded plugin pinoutandconfiguration (category:base,tabindex:1)
2024-11-13 20:01:31,867 [INFO] PluginManage:310 - Check plugin pinoutconfig
2024-11-13 20:01:32,023 [WARN] SupportedApi:132 - Cannot load RTOS API schema: s4s-elt-must-match.1: The content of 'definitions' must match (annotation?, (simpleType | complexType)?, (unique | key | keyref)*)). A problem was found starting at: attribute.
2024-11-13 20:01:32,331 [INFO] PluginManage:359 - Loaded plugin pinoutconfig (category:base,tabindex:0)
2024-11-13 20:01:32,332 [INFO] PluginManage:310 - Check plugin power
2024-11-13 20:01:32,348 [INFO] PluginManage:359 - Loaded plugin power (category:power,tabindex:4)
2024-11-13 20:01:32,348 [INFO] PluginManage:310 - Check plugin projectmanager
2024-11-13 20:01:32,381 [INFO] PluginManage:359 - Loaded plugin projectmanager (category:projectmanager,tabindex:4)
2024-11-13 20:01:32,382 [INFO] PluginManage:310 - Check plugin rif
2024-11-13 20:01:32,406 [INFO] PluginManage:359 - Loaded plugin rif (category:base,tabindex:3)
2024-11-13 20:01:32,406 [INFO] PluginManage:310 - Check plugin thirdparty
2024-11-13 20:01:32,634 [INFO] PluginManage:359 - Loaded plugin thirdparty (category:base,tabindex:-1)
2024-11-13 20:01:32,635 [INFO] PluginManage:310 - Check plugin tools
2024-11-13 20:01:32,634 [WARN] IntegrityCheckThread:84 - waiting for thirdparty lock release [integrity check]
2024-11-13 20:01:32,635 [INFO] IntegrityCheckThread:86 - entering critical section [integrity check]
2024-11-13 20:01:32,636 [INFO] ThirdPartyUpdaterWithRetryManager:70 - Updater plugin not ready yet. [1/15]
2024-11-13 20:01:32,639 [INFO] PluginManage:359 - Loaded plugin tools (category:base,tabindex:7)
2024-11-13 20:01:32,639 [INFO] PluginManage:310 - Check plugin tutovideos
2024-11-13 20:01:32,898 [INFO] PluginManage:359 - Loaded plugin tutovideos (category:base,tabindex:-1)
2024-11-13 20:01:32,898 [INFO] PluginManage:310 - Check plugin updater
2024-11-13 20:01:32,923 [INFO] PluginManage:359 - Loaded plugin updater (category:base,tabindex:12)
2024-11-13 20:01:32,923 [INFO] PluginManage:310 - Check plugin userauth
2024-11-13 20:01:32,931 [INFO] UserAuth:113 - Init User Auth plugin
2024-11-13 20:01:32,932 [INFO] PluginManage:359 - Loaded plugin userauth (category:base,tabindex:14)
2024-11-13 20:01:32,932 [INFO] PluginManage:283 - PluginManage : Loaded plugins [18]
2024-11-13 20:01:33,219 [INFO] PinOutPanel:1561 - setPackage(No Configuration,No Configuration)
2024-11-13 20:01:33,340 [INFO] CADModel:165 - CPN selected for project level
2024-11-13 20:01:33,340 [INFO] CADModel:114 - Register for checkConnection events
2024-11-13 20:01:33,359 [INFO] IPUIPlugin:80 - create IPUIPlugin
2024-11-13 20:01:33,359 [INFO] PluginManager:220 - loadIPPluginJar : add adc
2024-11-13 20:01:33,364 [INFO] IPUIPlugin:80 - create IPUIPlugin
2024-11-13 20:01:33,364 [INFO] PluginManager:220 - loadIPPluginJar : add aes
2024-11-13 20:01:33,368 [INFO] IPUIPlugin:80 - create IPUIPlugin
2024-11-13 20:01:33,368 [INFO] PluginManager:220 - loadIPPluginJar : add can
2024-11-13 20:01:33,371 [INFO] IPUIPlugin:80 - create IPUIPlugin
2024-11-13 20:01:33,371 [INFO] PluginManager:220 - loadIPPluginJar : add comp
2024-11-13 20:01:33,376 [INFO] IPUIPlugin:80 - create IPUIPlugin
2024-11-13 20:01:33,376 [INFO] PluginManager:220 - loadIPPluginJar : add cryp
2024-11-13 20:01:33,381 [INFO] IPUIPlugin:80 - create IPUIPlugin
2024-11-13 20:01:33,381 [INFO] PluginManager:220 - loadIPPluginJar : add ddr_ctrl_phy
2024-11-13 20:01:33,384 [INFO] IPUIPlugin:80 - create IPUIPlugin
2024-11-13 20:01:33,384 [INFO] PluginManager:220 - loadIPPluginJar : add dfsdm
2024-11-13 20:01:33,392 [INFO] IPUIPlugin:80 - create IPUIPlugin
2024-11-13 20:01:33,393 [INFO] PluginManager:220 - loadIPPluginJar : add dma
2024-11-13 20:01:33,397 [INFO] IPUIPlugin:80 - create IPUIPlugin
2024-11-13 20:01:33,398 [INFO] PluginManager:220 - loadIPPluginJar : add dma3
2024-11-13 20:01:33,402 [INFO] IPUIPlugin:80 - create IPUIPlugin
2024-11-13 20:01:33,402 [INFO] PluginManager:220 - loadIPPluginJar : add extmemmanager
2024-11-13 20:01:33,404 [INFO] IPUIPlugin:80 - create IPUIPlugin
2024-11-13 20:01:33,405 [INFO] PluginManager:220 - loadIPPluginJar : add fatfs
2024-11-13 20:01:33,411 [INFO] IPUIPlugin:80 - create IPUIPlugin
2024-11-13 20:01:33,411 [INFO] PluginManager:220 - loadIPPluginJar : add fmc
2024-11-13 20:01:33,421 [INFO] IPUIPlugin:80 - create IPUIPlugin
2024-11-13 20:01:33,421 [INFO] PluginManager:220 - loadIPPluginJar : add freertos
2024-11-13 20:01:33,424 [INFO] IPUIPlugin:80 - create IPUIPlugin
2024-11-13 20:01:33,424 [INFO] PluginManager:220 - loadIPPluginJar : add genericplugin
2024-11-13 20:01:33,428 [INFO] IPUIPlugin:80 - create IPUIPlugin
2024-11-13 20:01:33,429 [INFO] PluginManager:220 - loadIPPluginJar : add gfxmmu
2024-11-13 20:01:33,436 [INFO] IPUIPlugin:80 - create IPUIPlugin
2024-11-13 20:01:33,436 [INFO] PluginManager:220 - loadIPPluginJar : add gic
2024-11-13 20:01:33,442 [INFO] IPUIPlugin:80 - create IPUIPlugin
2024-11-13 20:01:33,442 [INFO] PluginManager:220 - loadIPPluginJar : add gpio
2024-11-13 20:01:33,446 [INFO] IPUIPlugin:80 - create IPUIPlugin
2024-11-13 20:01:33,446 [INFO] PluginManager:220 - loadIPPluginJar : add gtzc
2024-11-13 20:01:33,450 [INFO] IPUIPlugin:80 - create IPUIPlugin
2024-11-13 20:01:33,451 [INFO] PluginManager:220 - loadIPPluginJar : add hash
2024-11-13 20:01:33,455 [INFO] IPUIPlugin:80 - create IPUIPlugin
2024-11-13 20:01:33,455 [INFO] PluginManager:220 - loadIPPluginJar : add i2c
2024-11-13 20:01:33,460 [INFO] IPUIPlugin:80 - create IPUIPlugin
2024-11-13 20:01:33,460 [INFO] PluginManager:220 - loadIPPluginJar : add i2s
2024-11-13 20:01:33,464 [INFO] IPUIPlugin:80 - create IPUIPlugin
2024-11-13 20:01:33,464 [INFO] PluginManager:220 - loadIPPluginJar : add i3c
2024-11-13 20:01:33,469 [INFO] IPUIPlugin:80 - create IPUIPlugin
2024-11-13 20:01:33,469 [INFO] PluginManager:220 - loadIPPluginJar : add ipddr
2024-11-13 20:01:33,478 [INFO] IPUIPlugin:80 - create IPUIPlugin
2024-11-13 20:01:33,478 [INFO] PluginManager:220 - loadIPPluginJar : add linkedlist
2024-11-13 20:01:33,482 [INFO] IPUIPlugin:80 - create IPUIPlugin
2024-11-13 20:01:33,482 [INFO] PluginManager:220 - loadIPPluginJar : add lorawan
2024-11-13 20:01:33,484 [INFO] IPUIPlugin:80 - create IPUIPlugin
2024-11-13 20:01:33,484 [INFO] PluginManager:220 - loadIPPluginJar : add ltdc
2024-11-13 20:01:33,491 [INFO] IPUIPlugin:80 - create IPUIPlugin
2024-11-13 20:01:33,491 [INFO] PluginManager:220 - loadIPPluginJar : add mdma
2024-11-13 20:01:33,495 [INFO] IPUIPlugin:80 - create IPUIPlugin
2024-11-13 20:01:33,496 [INFO] PluginManager:220 - loadIPPluginJar : add nvic
2024-11-13 20:01:33,499 [INFO] IPUIPlugin:80 - create IPUIPlugin
2024-11-13 20:01:33,499 [INFO] PluginManager:220 - loadIPPluginJar : add opamp
2024-11-13 20:01:33,503 [INFO] IPUIPlugin:80 - create IPUIPlugin
2024-11-13 20:01:33,503 [INFO] PluginManager:220 - loadIPPluginJar : add openamp
2024-11-13 20:01:33,508 [INFO] IPUIPlugin:80 - create IPUIPlugin
2024-11-13 20:01:33,508 [INFO] PluginManager:220 - loadIPPluginJar : add pdm2pcm
2024-11-13 20:01:33,516 [INFO] IPUIPlugin:80 - create IPUIPlugin
2024-11-13 20:01:33,520 [INFO] PluginManager:220 - loadIPPluginJar : add plateformsettings
2024-11-13 20:01:33,522 [INFO] IPUIPlugin:80 - create IPUIPlugin
2024-11-13 20:01:33,522 [INFO] PluginManager:220 - loadIPPluginJar : add quadspi
2024-11-13 20:01:33,524 [INFO] IPUIPlugin:80 - create IPUIPlugin
2024-11-13 20:01:33,525 [INFO] PluginManager:220 - loadIPPluginJar : add radio
2024-11-13 20:01:33,529 [INFO] IPUIPlugin:80 - create IPUIPlugin
2024-11-13 20:01:33,529 [INFO] PluginManager:220 - loadIPPluginJar : add resmgrutility
2024-11-13 20:01:33,533 [INFO] IPUIPlugin:80 - create IPUIPlugin
2024-11-13 20:01:33,533 [INFO] PluginManager:220 - loadIPPluginJar : add sai
2024-11-13 20:01:33,537 [INFO] IPUIPlugin:80 - create IPUIPlugin
2024-11-13 20:01:33,537 [INFO] PluginManager:220 - loadIPPluginJar : add spi
2024-11-13 20:01:33,543 [INFO] IPUIPlugin:80 - create IPUIPlugin
2024-11-13 20:01:33,543 [INFO] PluginManager:220 - loadIPPluginJar : add stm32_wpan
2024-11-13 20:01:33,546 [INFO] IPUIPlugin:80 - create IPUIPlugin
2024-11-13 20:01:33,546 [INFO] PluginManager:220 - loadIPPluginJar : add tim
2024-11-13 20:01:33,551 [INFO] IPUIPlugin:80 - create IPUIPlugin
2024-11-13 20:01:33,551 [INFO] PluginManager:220 - loadIPPluginJar : add touchsensing
2024-11-13 20:01:33,553 [INFO] IPUIPlugin:80 - create IPUIPlugin
2024-11-13 20:01:33,553 [INFO] PluginManager:220 - loadIPPluginJar : add tracer_emb
2024-11-13 20:01:33,555 [INFO] IPUIPlugin:80 - create IPUIPlugin
2024-11-13 20:01:33,556 [INFO] PluginManager:220 - loadIPPluginJar : add ts
2024-11-13 20:01:33,557 [INFO] IPUIPlugin:80 - create IPUIPlugin
2024-11-13 20:01:33,557 [INFO] PluginManager:220 - loadIPPluginJar : add tsc
2024-11-13 20:01:33,559 [INFO] IPUIPlugin:80 - create IPUIPlugin
2024-11-13 20:01:33,560 [INFO] PluginManager:220 - loadIPPluginJar : add ucpd
2024-11-13 20:01:33,563 [INFO] IPUIPlugin:80 - create IPUIPlugin
2024-11-13 20:01:33,563 [INFO] PluginManager:220 - loadIPPluginJar : add usart
2024-11-13 20:01:33,567 [INFO] IPUIPlugin:80 - create IPUIPlugin
2024-11-13 20:01:33,567 [INFO] PluginManager:220 - loadIPPluginJar : add usbx
2024-11-13 20:01:33,713 [INFO] CADModel:165 - CPN selected for project level
2024-11-13 20:01:33,713 [INFO] CADModel:114 - Register for checkConnection events
2024-11-13 20:01:33,714 [FATAL] Updater:334 - Updater called before beeing initialized
2024-11-13 20:01:33,714 [ERROR] CADModel:125 - Updater not yet initialized, retry later 
2024-11-13 20:01:33,928 [INFO] CADModel:165 - CPN selected for project level
2024-11-13 20:01:33,928 [INFO] CADModel:114 - Register for checkConnection events
2024-11-13 20:01:33,928 [FATAL] Updater:334 - Updater called before beeing initialized
2024-11-13 20:01:33,928 [ERROR] CADModel:125 - Updater not yet initialized, retry later 
2024-11-13 20:01:33,932 [FATAL] Updater:334 - Updater called before beeing initialized
2024-11-13 20:01:34,093 [FATAL] Updater:334 - Updater called before beeing initialized
2024-11-13 20:01:34,100 [INFO] DbMcusAds:53 - JSON generation date=Fri Sep 20 10:04:38 ART 2024 (1726837478367)
2024-11-13 20:01:34,101 [FATAL] Updater:334 - Updater called before beeing initialized
2024-11-13 20:01:34,158 [WARN] DetailPanel:346 - Failed to get advertising image, set to default
2024-11-13 20:01:34,277 [FATAL] Updater:334 - Updater called before beeing initialized
2024-11-13 20:01:34,279 [FATAL] Updater:334 - Updater called before beeing initialized
2024-11-13 20:01:34,279 [FATAL] Updater:334 - Updater called before beeing initialized
2024-11-13 20:01:34,280 [WARN] DetailPanel:346 - Failed to get advertising image, set to default
2024-11-13 20:01:34,281 [FATAL] Updater:334 - Updater called before beeing initialized
2024-11-13 20:01:34,354 [ERROR] Updater:1164 - MainUpdater not yet initialized. External WinMGr cannot be set.
2024-11-13 20:01:34,359 [INFO] Updater:1100 - Updater Version found : 6.12.0
2024-11-13 20:01:34,386 [INFO] ApplicationProperties:184 - Using Application install path: C:\ST\STM32CubeIDE_1.16.0\STM32CubeIDE\plugins\com.st.stm32cube.common.mx_6.12.0.202406281431
2024-11-13 20:01:35,638 [INFO] ThirdPartyUpdaterWithRetryManager:70 - Updater plugin not ready yet. [2/15]
2024-11-13 20:01:35,981 [ERROR] LogOutputStream:75 - [STDERR_REDIRECT] Nov 13, 2024 8:01:35 PM java.util.prefs.WindowsPreferences <init>
2024-11-13 20:01:35,989 [ERROR] LogOutputStream:75 - [STDERR_REDIRECT] WARNING: Could not open/create prefs root node Software\JavaSoft\Prefs at root 0xffffffff80000002. Windows RegCreateKeyEx(...) returned error code 5.
2024-11-13 20:01:35,989 [ERROR] LogOutputStream:75 - [STDERR_REDIRECT] 
2024-11-13 20:01:36,371 [INFO] MainUpdater:2873 - connection check result : 10
2024-11-13 20:01:36,372 [INFO] MainUpdater:290 - Updater Check For Update Now.
2024-11-13 20:01:36,372 [INFO] MicroXplorer:498 - Change Database Version : DB.6.0.120
2024-11-13 20:01:36,383 [INFO] McuFinderGlobals:63 - Set McuFinder mode to 2 (CubeIDE integrated)
2024-11-13 20:01:36,384 [INFO] UserAuth:417 - Internet connection configuration mode: 1
2024-11-13 20:01:36,496 [INFO] JxBrowserEngine:152 - Initiate JxBrowser Engine with user profile folder
2024-11-13 20:01:36,688 [INFO] CheckServerUpdateThread:120 - End of CheckServer Thread
2024-11-13 20:01:38,363 [INFO] WebApp:167 - Instantiating new browser for Auth
2024-11-13 20:01:39,241 [WARN] PackLoader:240 - Cannot read IP mode file for STMicroelectronics.FP-SNS-MOTENVWB1.1.4.0
2024-11-13 20:01:39,262 [WARN] PackLoader:240 - Cannot read IP mode file for STMicroelectronics.FP-ATR-ASTRA1.2.0.1
2024-11-13 20:01:39,279 [WARN] PackLoader:240 - Cannot read IP mode file for STMicroelectronics.X-CUBE-SMBUS.2.1.0
2024-11-13 20:01:39,295 [WARN] PackLoader:240 - Cannot read IP mode file for STMicroelectronics.X-CUBE-WB05N.1.1.0
2024-11-13 20:01:39,390 [WARN] PackLoader:240 - Cannot read IP mode file for STMicroelectronics.X-CUBE-AZRTOS-F7.1.1.0
2024-11-13 20:01:39,731 [WARN] PackLoader:240 - Cannot read IP mode file for STMicroelectronics.X-CUBE-MEMS1.11.0.0
2024-11-13 20:01:40,550 [WARN] PackLoader:240 - Cannot read IP mode file for STMicroelectronics.FP-SNS-FLIGHT1.5.0.2
2024-11-13 20:01:40,575 [WARN] PackLoader:240 - Cannot read IP mode file for STMicroelectronics.X-CUBE-DISPLAY.3.0.0
2024-11-13 20:01:40,621 [WARN] PackLoader:240 - Cannot read IP mode file for STMicroelectronics.X-CUBE-BLE1.7.0.0
2024-11-13 20:01:40,686 [INFO] WebApp:448 - Apply proxy settings
2024-11-13 20:01:40,686 [INFO] WebApp:533 - Chromium requires no authentication
2024-11-13 20:01:40,693 [WARN] PackLoader:240 - Cannot read IP mode file for emotas.I-CUBE-CANOPEN.1.3.0
2024-11-13 20:01:40,723 [WARN] PackLoader:240 - Cannot read IP mode file for STMicroelectronics.X-CUBE-BLEMGR.3.1.0
2024-11-13 20:01:40,748 [INFO] WebApp:476 - Direct internet connection detected
2024-11-13 20:01:40,776 [WARN] PackLoader:240 - Cannot read IP mode file for STMicroelectronics.FP-SNS-SMARTAG2.1.2.0
2024-11-13 20:01:40,798 [INFO] LogOutputStream:77 - [STDOUT_REDIRECT] 1 : Invalid condition id : UX_CORESTACK_Condition cause : null
2024-11-13 20:01:40,799 [INFO] LogOutputStream:77 - [STDOUT_REDIRECT] 1 : Invalid condition id : UX_CORESTACK_Condition cause : null
2024-11-13 20:01:40,801 [INFO] LogOutputStream:77 - [STDOUT_REDIRECT] 1 : Invalid condition id : UX_CORESTACK_Condition cause : null
2024-11-13 20:01:40,802 [INFO] LogOutputStream:77 - [STDOUT_REDIRECT] 1 : Invalid condition id : UX_CORESTACK_Condition cause : null
2024-11-13 20:01:40,804 [INFO] LogOutputStream:77 - [STDOUT_REDIRECT] 1 : Invalid condition id : UX_CORESTACK_Condition cause : null
2024-11-13 20:01:40,813 [WARN] PackLoader:240 - Cannot read IP mode file for STMicroelectronics.X-CUBE-AZRTOS-WL.2.0.0
2024-11-13 20:01:40,865 [WARN] PackLoader:240 - Cannot read IP mode file for STMicroelectronics.FP-SNS-MOTENV1.5.0.0
2024-11-13 20:01:40,867 [INFO] WebApp:869 - Register for checkConnection events
2024-11-13 20:01:40,867 [INFO] WebApp:448 - Apply proxy settings
2024-11-13 20:01:40,868 [INFO] WebApp:533 - Chromium requires no authentication
2024-11-13 20:01:40,869 [INFO] WebApp:476 - Direct internet connection detected
2024-11-13 20:01:40,877 [WARN] PackLoader:240 - Cannot read IP mode file for wolfSSL.I-CUBE-wolfMQTT.1.19.0
2024-11-13 20:01:40,903 [WARN] PackLoader:240 - Cannot read IP mode file for WES.I-CUBE-Cesium.1.3.0
2024-11-13 20:01:40,925 [WARN] PackLoader:240 - Cannot read IP mode file for STMicroelectronics.X-CUBE-BLE2.3.3.0
2024-11-13 20:01:40,942 [WARN] PackLoader:240 - Cannot read IP mode file for STMicroelectronics.X-CUBE-TCPP.4.1.0
2024-11-13 20:01:41,030 [WARN] PackLoader:240 - Cannot read IP mode file for STMicroelectronics.X-CUBE-AZRTOS-G0.1.1.0
2024-11-13 20:01:41,047 [WARN] PackLoader:240 - Cannot read IP mode file for STMicroelectronics.X-CUBE-SAFEA1.1.2.2
2024-11-13 20:01:41,086 [WARN] PackLoader:240 - Cannot read IP mode file for STMicroelectronics.X-CUBE-NFC4.3.0.0
2024-11-13 20:01:41,108 [WARN] PackLoader:240 - Cannot read IP mode file for EmbeddedOffice.I-CUBE-FS-RTOS.1.0.1
2024-11-13 20:01:41,108 [ERROR] ConditionMgr:805 - Attr not supported : Dmpu
2024-11-13 20:01:41,109 [ERROR] ConditionMgr:805 - Attr not supported : Dmpu
2024-11-13 20:01:41,109 [ERROR] ConditionMgr:805 - Attr not supported : Dmpu
2024-11-13 20:01:41,109 [ERROR] ConditionMgr:805 - Attr not supported : Dmpu
2024-11-13 20:01:41,109 [ERROR] ConditionMgr:805 - Attr not supported : Dmpu
2024-11-13 20:01:41,109 [ERROR] ConditionMgr:805 - Attr not supported : Dmpu
2024-11-13 20:01:41,109 [ERROR] ConditionMgr:805 - Attr not supported : Dmpu
2024-11-13 20:01:41,109 [ERROR] ConditionMgr:805 - Attr not supported : Dmpu
2024-11-13 20:01:41,110 [ERROR] ConditionMgr:805 - Attr not supported : Dmpu
2024-11-13 20:01:41,110 [ERROR] ConditionMgr:805 - Attr not supported : Dmpu
2024-11-13 20:01:41,110 [ERROR] ConditionMgr:805 - Attr not supported : Dmpu
2024-11-13 20:01:41,110 [ERROR] ConditionMgr:805 - Attr not supported : Dmpu
2024-11-13 20:01:41,110 [ERROR] ConditionMgr:805 - Attr not supported : Dmpu
2024-11-13 20:01:41,110 [ERROR] ConditionMgr:805 - Attr not supported : Dmpu
2024-11-13 20:01:41,110 [ERROR] ConditionMgr:805 - Attr not supported : Dmpu
2024-11-13 20:01:41,111 [ERROR] ConditionMgr:805 - Attr not supported : Dmpu
2024-11-13 20:01:41,111 [ERROR] ConditionMgr:805 - Attr not supported : Dmpu
2024-11-13 20:01:41,112 [ERROR] ConditionMgr:805 - Attr not supported : Dmpu
2024-11-13 20:01:41,112 [ERROR] ConditionMgr:805 - Attr not supported : Dmpu
2024-11-13 20:01:41,112 [ERROR] ConditionMgr:805 - Attr not supported : Dmpu
2024-11-13 20:01:41,112 [ERROR] ConditionMgr:805 - Attr not supported : Dmpu
2024-11-13 20:01:41,113 [ERROR] ConditionMgr:805 - Attr not supported : Dmpu
2024-11-13 20:01:41,113 [ERROR] ConditionMgr:805 - Attr not supported : Dmpu
2024-11-13 20:01:41,113 [ERROR] ConditionMgr:805 - Attr not supported : Dmpu
2024-11-13 20:01:41,113 [ERROR] ConditionMgr:805 - Attr not supported : Dmpu
2024-11-13 20:01:41,113 [ERROR] ConditionMgr:805 - Attr not supported : Dmpu
2024-11-13 20:01:41,114 [ERROR] ConditionMgr:805 - Attr not supported : Dmpu
2024-11-13 20:01:41,114 [ERROR] ConditionMgr:805 - Attr not supported : Dmpu
2024-11-13 20:01:41,114 [ERROR] ConditionMgr:805 - Attr not supported : Dmpu
2024-11-13 20:01:41,114 [ERROR] ConditionMgr:805 - Attr not supported : Dmpu
2024-11-13 20:01:41,114 [ERROR] ConditionMgr:805 - Attr not supported : Dmpu
2024-11-13 20:01:41,114 [ERROR] ConditionMgr:805 - Attr not supported : Dmpu
2024-11-13 20:01:41,114 [ERROR] ConditionMgr:805 - Attr not supported : Dmpu
2024-11-13 20:01:41,114 [ERROR] ConditionMgr:805 - Attr not supported : Dmpu
2024-11-13 20:01:41,114 [ERROR] ConditionMgr:805 - Attr not supported : Dmpu
2024-11-13 20:01:41,114 [ERROR] ConditionMgr:805 - Attr not supported : Dmpu
2024-11-13 20:01:41,115 [ERROR] ConditionMgr:805 - Attr not supported : Dmpu
2024-11-13 20:01:41,115 [ERROR] ConditionMgr:805 - Attr not supported : Dmpu
2024-11-13 20:01:41,115 [ERROR] ConditionMgr:805 - Attr not supported : Dmpu
2024-11-13 20:01:41,115 [ERROR] ConditionMgr:805 - Attr not supported : Dmpu
2024-11-13 20:01:41,115 [ERROR] ConditionMgr:805 - Attr not supported : Dmpu
2024-11-13 20:01:41,115 [ERROR] ConditionMgr:805 - Attr not supported : Dmpu
2024-11-13 20:01:41,116 [ERROR] ConditionMgr:805 - Attr not supported : Dmpu
2024-11-13 20:01:41,116 [ERROR] ConditionMgr:805 - Attr not supported : Dmpu
2024-11-13 20:01:41,116 [ERROR] ConditionMgr:805 - Attr not supported : Dmpu
2024-11-13 20:01:41,116 [ERROR] ConditionMgr:805 - Attr not supported : Dmpu
2024-11-13 20:01:41,116 [ERROR] ConditionMgr:805 - Attr not supported : Dmpu
2024-11-13 20:01:41,116 [ERROR] ConditionMgr:805 - Attr not supported : Dmpu
2024-11-13 20:01:41,116 [ERROR] ConditionMgr:805 - Attr not supported : Dmpu
2024-11-13 20:01:41,117 [ERROR] ConditionMgr:805 - Attr not supported : Dmpu
2024-11-13 20:01:41,117 [ERROR] ConditionMgr:805 - Attr not supported : Dmpu
2024-11-13 20:01:41,117 [ERROR] ConditionMgr:805 - Attr not supported : Dmpu
2024-11-13 20:01:41,117 [ERROR] ConditionMgr:805 - Attr not supported : Dmpu
2024-11-13 20:01:41,117 [ERROR] ConditionMgr:805 - Attr not supported : Dmpu
2024-11-13 20:01:41,117 [ERROR] ConditionMgr:805 - Attr not supported : Dmpu
2024-11-13 20:01:41,117 [ERROR] ConditionMgr:805 - Attr not supported : Dmpu
2024-11-13 20:01:41,136 [ERROR] ConditionMgr:805 - Attr not supported : Dmpu
2024-11-13 20:01:41,136 [ERROR] ConditionMgr:805 - Attr not supported : Dmpu
2024-11-13 20:01:41,137 [ERROR] ConditionMgr:805 - Attr not supported : Dmpu
2024-11-13 20:01:41,137 [ERROR] ConditionMgr:805 - Attr not supported : Dmpu
2024-11-13 20:01:41,137 [ERROR] ConditionMgr:805 - Attr not supported : Dmpu
2024-11-13 20:01:41,138 [ERROR] ConditionMgr:805 - Attr not supported : Dmpu
2024-11-13 20:01:41,138 [ERROR] ConditionMgr:805 - Attr not supported : Dmpu
2024-11-13 20:01:41,138 [ERROR] ConditionMgr:805 - Attr not supported : Dmpu
2024-11-13 20:01:41,148 [WARN] PackLoader:240 - Cannot read IP mode file for RealThread.X-CUBE-RT-Thread_Nano.4.1.1
2024-11-13 20:01:41,156 [WARN] PackLoader:240 - Cannot read IP mode file for STMicroelectronics.FP-ATR-SIGFOX1.3.2.0
2024-11-13 20:01:41,164 [WARN] PackLoader:240 - Cannot read IP mode file for wolfSSL.I-CUBE-wolfSSL.5.7.2
2024-11-13 20:01:41,173 [WARN] ConditionMgr:438 - getConditionDescription Invalid condition id : Cortex-A Device cause : null
2024-11-13 20:01:41,206 [WARN] ConditionMgr:1039 - genDependencies : Invalid condition id : Cortex-A Device cause : null
2024-11-13 20:01:41,206 [WARN] ConditionMgr:1039 - genDependencies : Invalid condition id : Cortex-A Device cause : null
2024-11-13 20:01:41,206 [WARN] ConditionMgr:1039 - genDependencies : Invalid condition id : Cortex-A Device cause : null
2024-11-13 20:01:41,217 [WARN] PackLoader:240 - Cannot read IP mode file for STMicroelectronics.X-CUBE-EEPRMA1.5.1.0
2024-11-13 20:01:41,240 [WARN] PackLoader:240 - Cannot read IP mode file for ITTIA_DB.I-CUBE-ITTIADB.8.9.0
2024-11-13 20:01:41,429 [WARN] PackLoader:240 - Cannot read IP mode file for SEGGER.I-CUBE-embOS.1.3.1
2024-11-13 20:01:41,445 [INFO] WebApp:186 - Connection restablished
2024-11-13 20:01:41,723 [INFO] WebApp:220 - Starting web application
2024-11-13 20:01:41,723 [INFO] WebApp:578 - Web application path used C:\ST\STM32CubeIDE_1.16.0\STM32CubeIDE\plugins\com.st.stm32cube.common.mx_6.12.0.202406281431\db\plugins\mcufinder\reactClient1\index.html
2024-11-13 20:01:41,885 [WARN] PackLoader:240 - Cannot read IP mode file for STMicroelectronics.X-CUBE-ALGOBUILD.1.4.0
2024-11-13 20:01:41,896 [WARN] PackLoader:240 - Cannot read IP mode file for STMicroelectronics.X-CUBE-GNSS1.6.0.0
2024-11-13 20:01:41,971 [WARN] PackLoader:240 - Cannot read IP mode file for STMicroelectronics.X-CUBE-AZRTOS-F4.1.1.0
2024-11-13 20:01:41,985 [WARN] PackLoader:240 - Cannot read IP mode file for STMicroelectronics.X-CUBE-FREERTOS.1.2.0
2024-11-13 20:01:42,109 [WARN] PackLoader:240 - Cannot read IP mode file for STMicroelectronics.X-CUBE-AZRTOS-L5.2.0.0
2024-11-13 20:01:42,137 [WARN] PackLoader:240 - Cannot read IP mode file for STMicroelectronics.X-CUBE-NFC6.3.1.0
2024-11-13 20:01:42,150 [WARN] PackLoader:240 - Cannot read IP mode file for STMicroelectronics.X-CUBE-DPower.1.2.0
2024-11-13 20:01:42,160 [WARN] PackLoader:240 - Cannot read IP mode file for STMicroelectronics.X-CUBE-AI.9.0.0
2024-11-13 20:01:42,174 [WARN] PackLoader:240 - Cannot read IP mode file for STMicroelectronics.X-CUBE-NFC7.1.0.1
2024-11-13 20:01:42,223 [WARN] ConditionMgr:438 - getConditionDescription Invalid condition id : LAN8742 Phy interface Condition cause : null
2024-11-13 20:01:42,224 [WARN] PackLoader:240 - Cannot read IP mode file for STMicroelectronics.X-CUBE-AZRTOS-L4.2.0.0
2024-11-13 20:01:42,227 [WARN] ConditionMgr:1039 - genDependencies : Invalid condition id : LAN8742 Phy interface Condition cause : null
2024-11-13 20:01:42,228 [WARN] ConditionMgr:1039 - genDependencies : Invalid condition id : LAN8742 Phy interface Condition cause : null
2024-11-13 20:01:42,229 [WARN] ConditionMgr:1039 - genDependencies : Invalid condition id : LAN8742 Phy interface Condition cause : null
2024-11-13 20:01:42,249 [WARN] PackLoader:240 - Cannot read IP mode file for STMicroelectronics.X-CUBE-SFXS2LP1.4.0.0
2024-11-13 20:01:42,321 [WARN] PackLoader:240 - Cannot read IP mode file for STMicroelectronics.X-CUBE-AZRTOS-H7.3.3.0
2024-11-13 20:01:42,431 [WARN] ConditionMgr:438 - getConditionDescription Invalid condition id : UX DEVICE CLASS RTOS Condition cause : null
2024-11-13 20:01:42,431 [WARN] ConditionMgr:438 - getConditionDescription Invalid condition id : UX DEVICE CLASS RTOS Condition cause : null
2024-11-13 20:01:42,436 [WARN] PackLoader:240 - Cannot read IP mode file for STMicroelectronics.X-CUBE-AZRTOS-WB.2.0.0
2024-11-13 20:01:42,437 [WARN] ConditionMgr:1039 - genDependencies : Invalid condition id : UX DEVICE CLASS RTOS Condition cause : null
2024-11-13 20:01:42,438 [WARN] ConditionMgr:1039 - genDependencies : Invalid condition id : UX DEVICE CLASS RTOS Condition cause : null
2024-11-13 20:01:42,438 [WARN] ConditionMgr:1039 - genDependencies : Invalid condition id : UX DEVICE CLASS RTOS Condition cause : null
2024-11-13 20:01:42,449 [WARN] ConditionMgr:1039 - genDependencies : Invalid condition id : UX DEVICE CLASS RTOS Condition cause : null
2024-11-13 20:01:42,450 [WARN] ConditionMgr:1039 - genDependencies : Invalid condition id : UX DEVICE CLASS RTOS Condition cause : null
2024-11-13 20:01:42,468 [WARN] PackLoader:240 - Cannot read IP mode file for STMicroelectronics.FP-SNS-STBOX1.2.0.0
2024-11-13 20:01:42,514 [WARN] PackLoader:240 - Cannot read IP mode file for STMicroelectronics.X-CUBE-SUBG2.5.0.0
2024-11-13 20:01:42,546 [WARN] PackLoader:240 - Cannot read IP mode file for Cesanta.I-CUBE-Mongoose.7.13.0
2024-11-13 20:01:42,585 [WARN] PackLoader:240 - Cannot read IP mode file for STMicroelectronics.X-CUBE-AZRTOS-G4.2.0.0
2024-11-13 20:01:42,602 [WARN] PackLoader:240 - Cannot read IP mode file for STMicroelectronics.X-CUBE-ISPU.2.0.0
2024-11-13 20:01:42,613 [WARN] PackLoader:240 - Cannot read IP mode file for STMicroelectronics.X-CUBE-ALS.1.0.2
2024-11-13 20:01:42,672 [INFO] UserAuth:417 - Internet connection configuration mode: 1
2024-11-13 20:01:42,671 [WARN] PackLoader:240 - Cannot read IP mode file for STMicroelectronics.X-CUBE-TOUCHGFX.4.24.0
2024-11-13 20:01:42,717 [WARN] PackLoader:240 - Cannot read IP mode file for wolfSSL.I-CUBE-wolfTPM.3.4.0
2024-11-13 20:01:42,767 [WARN] PackLoader:240 - Cannot read IP mode file for portGmbH.I-Cube-SoM-uGOAL.1.1.0
2024-11-13 20:01:42,883 [WARN] PackLoader:240 - Cannot read IP mode file for STMicroelectronics.X-CUBE-AZRTOS-H7RS.1.0.0
2024-11-13 20:01:42,901 [WARN] PackLoader:240 - Cannot read IP mode file for STMicroelectronics.FP-ATR-ASTRA1.2.0.0
2024-11-13 20:01:42,932 [WARN] PackLoader:240 - Cannot read IP mode file for STMicroelectronics.X-CUBE-TOF1.3.4.2
2024-11-13 20:01:43,257 [WARN] PackLoader:240 - Cannot read IP mode file for Infineon.AIROC-Wi-Fi-Bluetooth-STM32.1.6.1
2024-11-13 20:01:43,278 [WARN] PackLoader:240 - Cannot read IP mode file for wolfSSL.I-CUBE-wolfSSH.1.4.17
2024-11-13 20:01:43,279 [INFO] ThirdParty:978 - Integrity check success = true
2024-11-13 20:01:43,279 [INFO] IntegrityCheckThread:100 - exiting critical section [integrity check]
2024-11-13 20:01:43,280 [INFO] IntegrityCheckThread:103 - End integrity checks thread
2024-11-13 20:17:35,896 [INFO] WebApp:189 - Connection lost
2024-11-13 20:17:36,160 [INFO] WebApp:186 - Connection restablished
2024-11-13 20:18:05,430 [INFO] WebApp:189 - Connection lost
2024-11-13 20:18:05,602 [INFO] WebApp:186 - Connection restablished
